<?xml version="1.0" encoding="UTF-8"?>
<!-- Generated by org.testng.reporters.JUnitXMLReporter -->
<testsuite ignored="0" hostname="ARJUN-PC" failures="1" tests="3" name="Test" time="29.93" errors="0" timestamp="2022-06-21T08:09:16 IST">
  <testcase classname="TestCases.TC1" name="userSelectTravelType" time="0.271"/>
  <testcase classname="TestCases.TC1" name="userSelectTravelDetails" time="2.771"/>
  <testcase classname="TestCases.TC2" name="validateNavigationToAirIndiaPage" time="3.298">
    <failure type="java.lang.AssertionError" message="Page header mismatch expected [Air India] but found [Air India1]">
      <![CDATA[java.lang.AssertionError: Page header mismatch expected [Air India] but found [Air India1]
at pages.AirIndiaPage.verifyAirIndiaPageHeader(AirIndiaPage.java:21)
at TestCases.TC2.validateNavigationToAirIndiaPage(TC2.java:28)
at java.base/java.util.ArrayList.forEach(ArrayList.java:1511)
... Removed 31 stack frames]]>
    </failure>
  </testcase> <!-- validateNavigationToAirIndiaPage -->
</testsuite> <!-- Test -->
